<?xml version="1.0" encoding="UTF-8"?>
<!-- Generated by org.testng.reporters.JUnitReportReporter -->
<testsuite skipped="0" hostname="IBM909-PC073DCD" name="pack.GGR_Test1" tests="1" failures="0" timestamp="29 Sep 2018 16:31:23 GMT" time="22.020" errors="0">
  <testcase name="ggr_test1" time="22.020" classname="pack.GGR_Test1"/>
</testsuite> <!-- pack.GGR_Test1 -->
