<?xml version="1.0" encoding="UTF-8"?>
<!-- Generated by org.testng.reporters.JUnitReportReporter -->
<testsuite skipped="0" hostname="IBM909-PC073DCD" name="pack.GGR_Test2" tests="1" failures="0" timestamp="29 Sep 2018 16:31:23 GMT" time="25.634" errors="0">
  <testcase name="ggr_test2" time="25.634" classname="pack.GGR_Test2"/>
</testsuite> <!-- pack.GGR_Test2 -->
